[debug] [2018-08-10T15:15:46.638Z] ----------------------------------------------------------------------
[debug] [2018-08-10T15:15:46.640Z] Command:       C:\Program Files\nodejs\node.exe C:\Users\user 1\AppData\Roaming\npm\node_modules\firebase-tools\bin\firebase deploy
[debug] [2018-08-10T15:15:46.640Z] CLI Version:   4.0.3
[debug] [2018-08-10T15:15:46.640Z] Platform:      win32
[debug] [2018-08-10T15:15:46.640Z] Node Version:  v8.11.3
[debug] [2018-08-10T15:15:46.641Z] Time:          Fri Aug 10 2018 18:15:46 GMT+0300 (RTZ 2 (зима))
[debug] [2018-08-10T15:15:46.641Z] ----------------------------------------------------------------------
[debug] 
[debug] [2018-08-10T15:15:46.650Z] > command requires scopes: ["email","openid","https://www.googleapis.com/auth/cloudplatformprojects.readonly","https://www.googleapis.com/auth/firebase","https://www.googleapis.com/auth/cloud-platform"]
[debug] [2018-08-10T15:15:46.650Z] > authorizing via signed-in user
[debug] [2018-08-10T15:15:46.651Z] > refreshing access token with scopes: ["email","https://www.googleapis.com/auth/cloud-platform","https://www.googleapis.com/auth/cloudplatformprojects.readonly","https://www.googleapis.com/auth/firebase","openid"]
[debug] [2018-08-10T15:15:46.652Z] >>> HTTP REQUEST POST https://www.googleapis.com/oauth2/v3/token  
 { refresh_token: '1/fKGYLr7AGp5kOWY6FHQFFzRS7jwQobFLDQIUESOGD64',
  client_id: '563584335869-fgrhgmd47bqnekij5i8b5pr03ho849e6.apps.googleusercontent.com',
  client_secret: 'j9iVZfS8kkCEFUPaAeJV0sAi',
  grant_type: 'refresh_token',
  scope: 'email https://www.googleapis.com/auth/cloud-platform https://www.googleapis.com/auth/cloudplatformprojects.readonly https://www.googleapis.com/auth/firebase openid' } 
 Fri Aug 10 2018 18:15:46 GMT+0300 (RTZ 2 (зима))
[debug] [2018-08-10T15:15:46.777Z] <<< HTTP RESPONSE 200
[debug] [2018-08-10T15:15:46.789Z] >>> HTTP REQUEST GET https://admin.firebase.com/v1/projects/avoria-dev  
  
 Fri Aug 10 2018 18:15:46 GMT+0300 (RTZ 2 (зима))
[debug] [2018-08-10T15:15:47.524Z] <<< HTTP RESPONSE 200
[debug] [2018-08-10T15:15:47.525Z] >>> HTTP REQUEST GET https://admin.firebase.com/v1/database/avoria-dev/tokens  
  
 Fri Aug 10 2018 18:15:47 GMT+0300 (RTZ 2 (зима))
[debug] [2018-08-10T15:15:48.194Z] <<< HTTP RESPONSE 200
[info] 
[info] === Deploying to 'avoria-dev'...
[info] 
[info] i  deploying hosting
[info] i  hosting: preparing / directory for upload...
